0 info it worked if it ends with ok
1 verbose cli [ 'C:\\Program Files\\nodejs\\\\node.exe',
1 verbose cli   'C:\\Program Files\\nodejs\\node_modules\\npm\\bin\\npm-cli.js',
1 verbose cli   'install',
1 verbose cli   'verbose-cli' ]
2 info using npm@1.4.9
3 info using node@v0.10.28
4 verbose node symlink C:\Program Files\nodejs\\node.exe
5 verbose cache add [ 'verbose-cli', null ]
6 verbose cache add name=undefined spec="verbose-cli" args=["verbose-cli",null]
7 verbose parsed url { protocol: null,
7 verbose parsed url   slashes: null,
7 verbose parsed url   auth: null,
7 verbose parsed url   host: null,
7 verbose parsed url   port: null,
7 verbose parsed url   hostname: null,
7 verbose parsed url   hash: null,
7 verbose parsed url   search: null,
7 verbose parsed url   query: null,
7 verbose parsed url   pathname: 'verbose-cli',
7 verbose parsed url   path: 'verbose-cli',
7 verbose parsed url   href: 'verbose-cli' }
8 silly lockFile 9946564c-verbose-cli verbose-cli
9 verbose lock verbose-cli C:\Users\user\AppData\Roaming\npm-cache\9946564c-verbose-cli.lock
10 silly lockFile 9946564c-verbose-cli verbose-cli
11 silly lockFile 9946564c-verbose-cli verbose-cli
12 verbose addNamed [ 'verbose-cli', '' ]
13 verbose addNamed [ null, '*' ]
14 silly lockFile e6a9df60-verbose-cli verbose-cli@
15 verbose lock verbose-cli@ C:\Users\user\AppData\Roaming\npm-cache\e6a9df60-verbose-cli.lock
16 silly addNameRange { name: 'verbose-cli', range: '*', hasData: false }
17 verbose url raw verbose-cli
18 verbose url resolving [ 'https://registry.npmjs.org/', './verbose-cli' ]
19 verbose url resolved https://registry.npmjs.org/verbose-cli
20 info trying registry request attempt 1 at 14:56:04
21 http GET https://registry.npmjs.org/verbose-cli
22 http 404 https://registry.npmjs.org/verbose-cli
23 verbose headers { date: 'Fri, 25 Jul 2014 11:55:57 GMT',
23 verbose headers   server: 'CouchDB/1.5.0 (Erlang OTP/R16B03)',
23 verbose headers   'content-type': 'application/json',
23 verbose headers   'cache-control': 'max-age=0',
23 verbose headers   'content-length': '52',
23 verbose headers   'accept-ranges': 'bytes',
23 verbose headers   via: '1.1 varnish',
23 verbose headers   age: '0',
23 verbose headers   'x-served-by': 'cache-fra1223-FRA',
23 verbose headers   'x-cache': 'MISS',
23 verbose headers   'x-cache-hits': '0',
23 verbose headers   'x-timer': 'S1406289357.309734,VS0,VE175',
23 verbose headers   'keep-alive': 'timeout=10, max=50',
23 verbose headers   connection: 'Keep-Alive' }
24 silly registry.get cb [ 404,
24 silly registry.get   { date: 'Fri, 25 Jul 2014 11:55:57 GMT',
24 silly registry.get     server: 'CouchDB/1.5.0 (Erlang OTP/R16B03)',
24 silly registry.get     'content-type': 'application/json',
24 silly registry.get     'cache-control': 'max-age=0',
24 silly registry.get     'content-length': '52',
24 silly registry.get     'accept-ranges': 'bytes',
24 silly registry.get     via: '1.1 varnish',
24 silly registry.get     age: '0',
24 silly registry.get     'x-served-by': 'cache-fra1223-FRA',
24 silly registry.get     'x-cache': 'MISS',
24 silly registry.get     'x-cache-hits': '0',
24 silly registry.get     'x-timer': 'S1406289357.309734,VS0,VE175',
24 silly registry.get     'keep-alive': 'timeout=10, max=50',
24 silly registry.get     connection: 'Keep-Alive' } ]
25 silly lockFile e6a9df60-verbose-cli verbose-cli@
26 silly lockFile e6a9df60-verbose-cli verbose-cli@
27 error 404 404 Not Found: verbose-cli
27 error 404
27 error 404 'verbose-cli' is not in the npm registry.
27 error 404 You should bug the author to publish it
27 error 404
27 error 404 Note that you can also install from a
27 error 404 tarball, folder, or http url, or git url.
28 error System Windows_NT 6.1.7601
29 error command "C:\\Program Files\\nodejs\\\\node.exe" "C:\\Program Files\\nodejs\\node_modules\\npm\\bin\\npm-cli.js" "install" "verbose-cli"
30 error cwd C:\Users\user\Documents\GitHub\JS-Applications\Consuming-Remote-Data
31 error node -v v0.10.28
32 error npm -v 1.4.9
33 error code E404
34 verbose exit [ 1, true ]
